<?xml version="1.0" encoding="UTF-8"?>
<coverage generated="1680026808020" clover="3.2.0">
  <project timestamp="1680026808021" name="All files">
    <metrics statements="19" coveredstatements="18" conditionals="5" coveredconditionals="5" methods="5" coveredmethods="4" elements="29" coveredelements="27" complexity="0" loc="19" ncloc="19" packages="1" files="1" classes="1"/>
    <file name="Roller.ts" path="/sandbox/src/Roller.ts">
      <metrics statements="19" coveredstatements="18" conditionals="5" coveredconditionals="5" methods="5" coveredmethods="4"/>
      <line num="1" count="1" type="stmt"/>
      <line num="8" count="0" type="stmt"/>
      <line num="16" count="9" type="cond" truecount="2" falsecount="0"/>
      <line num="17" count="9" type="stmt"/>
      <line num="18" count="9" type="stmt"/>
      <line num="19" count="58" type="stmt"/>
      <line num="21" count="9" type="stmt"/>
      <line num="35" count="10" type="cond" truecount="3" falsecount="0"/>
      <line num="36" count="2" type="stmt"/>
      <line num="38" count="8" type="stmt"/>
      <line num="39" count="8" type="stmt"/>
      <line num="40" count="8" type="stmt"/>
      <line num="41" count="8" type="stmt"/>
      <line num="47" count="8" type="stmt"/>
      <line num="56" count="9" type="stmt"/>
      <line num="57" count="9" type="stmt"/>
      <line num="58" count="58" type="stmt"/>
      <line num="59" count="58" type="stmt"/>
      <line num="61" count="9" type="stmt"/>
    </file>
  </project>
</coverage>
