{"/sandbox/src/Roller.ts": {"path":"/sandbox/src/Roller.ts","statementMap":{"0":{"start":{"line":8,"column":8},"end":{"line":8,"column":35}},"1":{"start":{"line":16,"column":8},"end":{"line":16,"column":45}},"2":{"start":{"line":17,"column":8},"end":{"line":17,"column":55}},"3":{"start":{"line":18,"column":8},"end":{"line":20,"column":null}},"4":{"start":{"line":18,"column":21},"end":{"line":18,"column":22}},"5":{"start":{"line":19,"column":12},"end":{"line":19,"column":41}},"6":{"start":{"line":21,"column":8},"end":{"line":21,"column":23}},"7":{"start":{"line":35,"column":8},"end":{"line":37,"column":null}},"8":{"start":{"line":36,"column":12},"end":{"line":36,"column":21}},"9":{"start":{"line":38,"column":8},"end":{"line":38,"column":27}},"10":{"start":{"line":39,"column":24},"end":{"line":39,"column":63}},"11":{"start":{"line":40,"column":8},"end":{"line":40,"column":53}},"12":{"start":{"line":41,"column":8},"end":{"line":41,"column":21}},"13":{"start":{"line":47,"column":8},"end":{"line":47,"column":26}},"14":{"start":{"line":56,"column":21},"end":{"line":56,"column":46}},"15":{"start":{"line":57,"column":8},"end":{"line":60,"column":null}},"16":{"start":{"line":57,"column":21},"end":{"line":57,"column":22}},"17":{"start":{"line":58,"column":24},"end":{"line":58,"column":59}},"18":{"start":{"line":59,"column":12},"end":{"line":59,"column":33}},"19":{"start":{"line":61,"column":8},"end":{"line":61,"column":22}},"20":{"start":{"line":1,"column":0},"end":{"line":1,"column":13}}},"fnMap":{"0":{"name":"(anonymous_0)","decl":{"start":{"line":7,"column":4},"end":{"line":7,"column":10}},"loc":{"start":{"line":7,"column":10},"end":{"line":9,"column":5}}},"1":{"name":"(anonymous_1)","decl":{"start":{"line":14,"column":4},"end":{"line":14,"column":16}},"loc":{"start":{"line":14,"column":29},"end":{"line":22,"column":5}}},"2":{"name":"(anonymous_2)","decl":{"start":{"line":34,"column":4},"end":{"line":34,"column":8}},"loc":{"start":{"line":34,"column":22},"end":{"line":42,"column":5}}},"3":{"name":"(anonymous_3)","decl":{"start":{"line":46,"column":4},"end":{"line":46,"column":8}},"loc":{"start":{"line":46,"column":8},"end":{"line":48,"column":5}}},"4":{"name":"(anonymous_4)","decl":{"start":{"line":55,"column":4},"end":{"line":55,"column":16}},"loc":{"start":{"line":55,"column":16},"end":{"line":62,"column":5}}}},"branchMap":{"0":{"loc":{"start":{"line":16,"column":22},"end":{"line":16,"column":44}},"type":"cond-expr","locations":[{"start":{"line":16,"column":35},"end":{"line":16,"column":40}},{"start":{"line":16,"column":43},"end":{"line":16,"column":44}}]},"1":{"loc":{"start":{"line":35,"column":8},"end":{"line":37,"column":null}},"type":"if","locations":[{"start":{"line":35,"column":8},"end":{"line":37,"column":null}}]},"2":{"loc":{"start":{"line":35,"column":12},"end":{"line":35,"column":44}},"type":"binary-expr","locations":[{"start":{"line":35,"column":12},"end":{"line":35,"column":21}},{"start":{"line":35,"column":25},"end":{"line":35,"column":44}}]}},"s":{"0":0,"1":9,"2":9,"3":9,"4":9,"5":58,"6":9,"7":10,"8":2,"9":8,"10":8,"11":8,"12":8,"13":8,"14":9,"15":9,"16":9,"17":58,"18":58,"19":9,"20":1},"f":{"0":0,"1":9,"2":10,"3":8,"4":9},"b":{"0":[7,2],"1":[2],"2":[10,9]}}
}
