TN:
SF:src/Roller.ts
FN:7,(anonymous_0)
FN:14,(anonymous_1)
FN:34,(anonymous_2)
FN:46,(anonymous_3)
FN:55,(anonymous_4)
FNF:5
FNH:4
FNDA:0,(anonymous_0)
FNDA:9,(anonymous_1)
FNDA:10,(anonymous_2)
FNDA:8,(anonymous_3)
FNDA:9,(anonymous_4)
DA:1,1
DA:8,0
DA:16,9
DA:17,9
DA:18,9
DA:19,58
DA:21,9
DA:35,10
DA:36,2
DA:38,8
DA:39,8
DA:40,8
DA:41,8
DA:47,8
DA:56,9
DA:57,9
DA:58,58
DA:59,58
DA:61,9
LF:19
LH:18
BRDA:16,0,0,7
BRDA:16,0,1,2
BRDA:35,1,0,2
BRDA:35,2,0,10
BRDA:35,2,1,9
BRF:5
BRH:5
end_of_record
